{"total": {"lines":{"total":84,"covered":75,"skipped":0,"pct":89.28},"statements":{"total":104,"covered":89,"skipped":0,"pct":85.57},"functions":{"total":17,"covered":16,"skipped":0,"pct":94.11},"branches":{"total":101,"covered":82,"skipped":0,"pct":81.18},"branchesTrue":{"total":0,"covered":0,"skipped":0,"pct":"Unknown"}}
,"/dev-server/src/lib/auditoria-acesso.ts": {"lines":{"total":29,"covered":27,"skipped":0,"pct":93.1},"functions":{"total":7,"covered":7,"skipped":0,"pct":100},"statements":{"total":38,"covered":35,"skipped":0,"pct":92.1},"branches":{"total":47,"covered":42,"skipped":0,"pct":89.36}}
,"/dev-server/src/lib/erro-permissao.ts": {"lines":{"total":30,"covered":27,"skipped":0,"pct":90},"functions":{"total":6,"covered":6,"skipped":0,"pct":100},"statements":{"total":41,"covered":33,"skipped":0,"pct":80.48},"branches":{"total":35,"covered":26,"skipped":0,"pct":74.28}}
,"/dev-server/src/lib/liberacao-guard.ts": {"lines":{"total":13,"covered":10,"skipped":0,"pct":76.92},"functions":{"total":1,"covered":1,"skipped":0,"pct":100},"statements":{"total":13,"covered":10,"skipped":0,"pct":76.92},"branches":{"total":8,"covered":6,"skipped":0,"pct":75}}
,"/dev-server/src/lib/permissao-guard.ts": {"lines":{"total":7,"covered":7,"skipped":0,"pct":100},"functions":{"total":2,"covered":2,"skipped":0,"pct":100},"statements":{"total":7,"covered":7,"skipped":0,"pct":100},"branches":{"total":11,"covered":8,"skipped":0,"pct":72.72}}
,"/dev-server/src/lib/permissoes.ts": {"lines":{"total":5,"covered":4,"skipped":0,"pct":80},"functions":{"total":1,"covered":0,"skipped":0,"pct":0},"statements":{"total":5,"covered":4,"skipped":0,"pct":80},"branches":{"total":0,"covered":0,"skipped":0,"pct":100}}
}
