TN:
SF:src/lib/auditoria-acesso.ts
FN:34,curto
FN:39,mensagemDe
FN:51,classificarNegacao
FN:71,pedidoForaDoEscopo
FN:76,registrarAcessoNegado
FN:94,negarAcesso
FN:103,auditarResultado
FNF:7
FNH:7
FNDA:64,curto
FNDA:80,mensagemDe
FNDA:48,classificarNegacao
FNDA:35,pedidoForaDoEscopo
FNDA:32,registrarAcessoNegado
FNDA:24,negarAcesso
FNDA:7,auditarResultado
DA:31,5
DA:35,64
DA:36,39
DA:40,80
DA:41,79
DA:42,30
DA:43,30
DA:44,30
DA:45,0
DA:47,0
DA:52,48
DA:53,48
DA:54,47
DA:55,43
DA:56,33
DA:62,6
DA:64,27
DA:65,12
DA:67,15
DA:72,35
DA:77,32
DA:89,32
DA:90,32
DA:95,24
DA:96,24
DA:107,7
DA:108,6
DA:109,6
DA:111,7
LF:29
LH:27
BRDA:35,0,0,25
BRDA:35,0,1,39
BRDA:36,1,0,37
BRDA:36,1,1,2
BRDA:40,2,0,1
BRDA:40,2,1,79
BRDA:41,3,0,49
BRDA:41,3,1,30
BRDA:42,4,0,30
BRDA:42,4,1,0
BRDA:44,5,0,30
BRDA:44,5,1,0
BRDA:45,6,0,0
BRDA:45,6,1,0
BRDA:53,7,0,1
BRDA:53,7,1,47
BRDA:54,8,0,4
BRDA:54,8,1,43
BRDA:54,9,0,47
BRDA:54,9,1,43
BRDA:55,10,0,10
BRDA:55,10,1,33
BRDA:56,11,0,6
BRDA:56,11,1,27
BRDA:57,12,0,33
BRDA:57,12,1,28
BRDA:57,12,2,28
BRDA:57,12,3,27
BRDA:64,13,0,12
BRDA:64,13,1,15
BRDA:64,14,0,27
BRDA:64,14,1,15
BRDA:64,14,2,15
BRDA:72,15,0,35
BRDA:72,15,1,9
BRDA:72,15,2,9
BRDA:80,16,0,32
BRDA:80,16,1,0
BRDA:84,17,0,32
BRDA:84,17,1,1
BRDA:85,18,0,32
BRDA:85,18,1,17
BRDA:94,19,0,24
BRDA:107,20,0,6
BRDA:107,20,1,1
BRDA:109,21,0,5
BRDA:109,21,1,1
BRF:47
BRH:42
end_of_record
TN:
SF:src/lib/erro-permissao.ts
FN:28,erroAcessoRestrito
FN:34,texto
FN:65,ehErroPermissao
FN:73,(anonymous_3)
FN:81,erroSeguro
FN:90,mensagemPainel
FNF:6
FNH:6
FNDA:26,erroAcessoRestrito
FNDA:11,texto
FNDA:11,ehErroPermissao
FNDA:83,(anonymous_3)
FNDA:2,erroSeguro
FNDA:4,mensagemPainel
DA:13,6
DA:16,6
DA:20,6
DA:23,6
DA:29,26
DA:30,26
DA:31,26
DA:35,11
DA:36,11
DA:37,11
DA:38,11
DA:39,11
DA:40,11
DA:41,0
DA:43,0
DA:46,6
DA:66,11
DA:67,1
DA:69,10
DA:70,10
DA:71,10
DA:72,11
DA:73,83
DA:82,2
DA:83,1
DA:91,4
DA:92,1
DA:94,1
DA:95,1
DA:96,0
LF:30
LH:27
BRDA:35,0,0,0
BRDA:35,0,1,11
BRDA:36,1,0,0
BRDA:36,1,1,11
BRDA:37,2,0,11
BRDA:37,2,1,0
BRDA:39,3,0,0
BRDA:39,3,1,11
BRDA:40,4,0,11
BRDA:40,4,1,0
BRDA:41,5,0,0
BRDA:41,5,1,0
BRDA:66,6,0,1
BRDA:66,6,1,10
BRDA:66,7,0,11
BRDA:66,7,1,11
BRDA:66,7,2,11
BRDA:70,8,0,0
BRDA:70,8,1,10
BRDA:72,9,0,1
BRDA:72,9,1,10
BRDA:72,10,0,11
BRDA:72,10,1,10
BRDA:72,10,2,9
BRDA:81,11,0,2
BRDA:82,12,0,1
BRDA:82,12,1,1
BRDA:90,13,0,4
BRDA:91,14,0,3
BRDA:91,14,1,1
BRDA:95,15,0,1
BRDA:95,15,1,0
BRDA:95,16,0,1
BRDA:95,16,1,1
BRDA:95,16,2,1
BRF:35
BRH:26
end_of_record
TN:
SF:src/lib/liberacao-guard.ts
FN:18,garantirConteudoLiberado
FNF:1
FNH:1
FNDA:20,garantirConteudoLiberado
DA:24,20
DA:30,20
DA:31,1
DA:35,1
DA:38,19
DA:39,13
DA:45,6
DA:51,6
DA:52,0
DA:56,0
DA:59,6
DA:60,0
DA:66,6
LF:13
LH:10
BRDA:30,0,0,1
BRDA:30,0,1,19
BRDA:38,1,0,13
BRDA:38,1,1,6
BRDA:51,2,0,0
BRDA:51,2,1,6
BRDA:59,3,0,0
BRDA:59,3,1,6
BRF:8
BRH:6
end_of_record
TN:
SF:src/lib/permissao-guard.ts
FN:9,garantirPermissao
FN:39,temPermissao
FNF:2
FNH:2
FNDA:11,garantirPermissao
FNDA:44,temPermissao
DA:16,11
DA:17,11
DA:20,10
DA:21,10
DA:29,10
DA:43,44
DA:44,44
LF:7
LH:7
BRDA:14,0,0,11
BRDA:17,1,0,10
BRDA:17,1,1,1
BRDA:26,2,0,0
BRDA:26,2,1,10
BRDA:27,3,0,0
BRDA:27,3,1,10
BRDA:32,4,0,0
BRDA:32,4,1,10
BRDA:33,5,0,10
BRDA:33,5,1,10
BRF:11
BRH:8
end_of_record
TN:
SF:src/lib/permissoes.ts
FN:30,ehPermissao
FNF:1
FNH:0
FNDA:0,ehPermissao
DA:1,2
DA:12,2
DA:21,2
DA:31,0
DA:35,2
LF:5
LH:4
BRF:0
BRH:0
end_of_record
